Using pre-set license
Built from '2020.3/staging' branch; Version is '2020.3.4f1 (0abb6314276a) revision 703331'; Using compiler version '192528614'; Build Type 'Release'
OS: 'Windows 10 Home; OS build 19044.1466; Version 2009; 64bit' Language: 'en' Physical Memory: 32440 MB
BatchMode: 1, IsHumanControllingUs: 0, StartBugReporterOnCrash: 0, Is64bit: 1, IsPro: 0

 COMMAND LINE ARGUMENTS:
D:\Program Files\Unity\2020.3.4f1\Editor\Unity.exe
-adb2
-batchMode
-noUpm
-name
AssetImportWorker0
-projectPath
C:/UnityProjects/Tablepocalypse/Tablepocalypse
-logFile
Logs/AssetImportWorker0.log
-srvPort
52780
Successfully changed project path to: C:/UnityProjects/Tablepocalypse/Tablepocalypse
C:/UnityProjects/Tablepocalypse/Tablepocalypse
Using Asset Import Pipeline V2.
Refreshing native plugins compatible for Editor in 55.15 ms, found 0 plugins.
Preloading 0 native plugins for Editor in 0.00 ms.
Initialize engine version: 2020.3.4f1 (0abb6314276a)
[Subsystems] Discovering subsystems at path D:/Program Files/Unity/2020.3.4f1/Editor/Data/Resources/UnitySubsystems
[Subsystems] Discovering subsystems at path C:/UnityProjects/Tablepocalypse/Tablepocalypse/Assets
GfxDevice: creating device client; threaded=0
Direct3D:
    Version:  Direct3D 11.0 [level 11.1]
    Renderer: NVIDIA GeForce GTX 1070 Ti (ID=0x1b82)
    Vendor:   
    VRAM:     8079 MB
    Driver:   30.0.15.1123
Initialize mono
Mono path[0] = 'D:/Program Files/Unity/2020.3.4f1/Editor/Data/Managed'
Mono path[1] = 'D:/Program Files/Unity/2020.3.4f1/Editor/Data/MonoBleedingEdge/lib/mono/unityjit'
Mono config path = 'D:/Program Files/Unity/2020.3.4f1/Editor/Data/MonoBleedingEdge/etc'
Using monoOptions --debugger-agent=transport=dt_socket,embedding=1,server=y,suspend=n,address=127.0.0.1:56440
Begin MonoManager ReloadAssembly
Registering precompiled unity dll's ...
Register platform support module: D:/Program Files/Unity/2020.3.4f1/Editor/Data/PlaybackEngines/WebGLSupport/UnityEditor.WebGL.Extensions.dll
Register platform support module: D:/Program Files/Unity/2020.3.4f1/Editor/Data/PlaybackEngines/WindowsStandaloneSupport/UnityEditor.WindowsStandalone.Extensions.dll
Registered in 0.000883 seconds.
Native extension for WindowsStandalone target not found
Native extension for WebGL target not found
Refreshing native plugins compatible for Editor in 48.02 ms, found 0 plugins.
Preloading 0 native plugins for Editor in 0.00 ms.
Mono: successfully reloaded assembly
- Completed reload, in  1.312 seconds
Platform modules already initialized, skipping
Registering precompiled user dll's ...
Registered in 0.003906 seconds.
Begin MonoManager ReloadAssembly
Native extension for WindowsStandalone target not found
Native extension for WebGL target not found
Refreshing native plugins compatible for Editor in 40.43 ms, found 0 plugins.
Preloading 0 native plugins for Editor in 0.00 ms.
Mono: successfully reloaded assembly
- Completed reload, in  1.020 seconds
Platform modules already initialized, skipping
========================================================================
Worker process is ready to serve import requests
Shader 'Universal Render Pipeline/Particles/Lit': fallback shader 'Universal Render Pipeline/Particles/SimpleLit' not found
Shader 'Universal Render Pipeline/Particles/Lit': fallback shader 'Universal Render Pipeline/Particles/SimpleLit' not found
Launched and connected shader compiler UnityShaderCompiler.exe after 0.05 seconds
Refreshing native plugins compatible for Editor in 0.44 ms, found 0 plugins.
Preloading 0 native plugins for Editor in 0.00 ms.
Unloading 3221 Unused Serialized files (Serialized files now loaded: 0)
System memory in use before: 147.7 MB.
System memory in use after: 145.3 MB.

Unloading 54 unused Assets to reduce memory usage. Loaded Objects now: 3625.
Total: 3.230300 ms (FindLiveObjects: 0.259900 ms CreateObjectMapping: 0.099800 ms MarkObjects: 2.007600 ms  DeleteObjects: 0.862100 ms)

========================================================================
Received Import Request.
  path: Assets/New Terrain.asset
  artifactKey: Guid(8a2621ff649593b40bc0097e812de0c6) Importer(815301076,1909f56bfc062723c751e8b465ee728b)
Start importing Assets/New Terrain.asset using Guid(8a2621ff649593b40bc0097e812de0c6) Importer(815301076,1909f56bfc062723c751e8b465ee728b)  -> (artifact id: '3441e58dc2056eac1443de24d7a15f68') in 0.041234 seconds
  Import took 0.046387 seconds .

========================================================================
Received Import Request.
  Time since last request: 34.246097 seconds.
  path: Assets
  artifactKey: Guid(00000000000000001000000000000000) Importer(815301076,1909f56bfc062723c751e8b465ee728b)
Start importing Assets using Guid(00000000000000001000000000000000) Importer(815301076,1909f56bfc062723c751e8b465ee728b)  -> (artifact id: '025e4f587c23674256bb898581e82961') in 0.002891 seconds
  Import took 0.007605 seconds .

========================================================================
Received Import Request.
  Time since last request: 7.045163 seconds.
  path: Assets/Characters
  artifactKey: Guid(98f855529745ef64093551e930137a6e) Importer(815301076,1909f56bfc062723c751e8b465ee728b)
Start importing Assets/Characters using Guid(98f855529745ef64093551e930137a6e) Importer(815301076,1909f56bfc062723c751e8b465ee728b)  -> (artifact id: 'dbd4afc09027782512cf92c6382f7cf3') in 0.002928 seconds
  Import took 0.007086 seconds .

========================================================================
Received Import Request.
  Time since last request: 16.968047 seconds.
  path: Assets/Characters/Player.prefab
  artifactKey: Guid(6b24be91e356aa2499ea448d921d12f8) Importer(815301076,1909f56bfc062723c751e8b465ee728b)
Start importing Assets/Characters/Player.prefab using Guid(6b24be91e356aa2499ea448d921d12f8) Importer(815301076,1909f56bfc062723c751e8b465ee728b)  -> (artifact id: 'c0270bebd181047b53f27c079f5fab8f') in 0.408972 seconds
  Import took 0.413434 seconds .

========================================================================
Received Import Request.
  Time since last request: 69.742515 seconds.
  path: Assets/Characters/Player.prefab
  artifactKey: Guid(6b24be91e356aa2499ea448d921d12f8) Importer(815301076,1909f56bfc062723c751e8b465ee728b)
Start importing Assets/Characters/Player.prefab using Guid(6b24be91e356aa2499ea448d921d12f8) Importer(815301076,1909f56bfc062723c751e8b465ee728b)  -> (artifact id: '469bd0259b5f387736e07216a4ca1640') in 0.016405 seconds
  Import took 0.021146 seconds .

========================================================================
Received Import Request.
  Time since last request: 65.282225 seconds.
  path: Assets/Characters/Player
  artifactKey: Guid(dc9db52ad0e5e4c4ca6275c956e8e0e4) Importer(815301076,1909f56bfc062723c751e8b465ee728b)
Start importing Assets/Characters/Player using Guid(dc9db52ad0e5e4c4ca6275c956e8e0e4) Importer(815301076,1909f56bfc062723c751e8b465ee728b)  -> (artifact id: 'ee234e919dfb8508e75d24c19d0ed297') in 0.002662 seconds
  Import took 0.006829 seconds .

========================================================================
Received Import Request.
  Time since last request: 27.787681 seconds.
  path: Assets/Characters/Player/playerinput.inputactions
  artifactKey: Guid(3d5c08dc3b458394c94e6409af79d0c9) Importer(815301076,1909f56bfc062723c751e8b465ee728b)
Start importing Assets/Characters/Player/playerinput.inputactions using Guid(3d5c08dc3b458394c94e6409af79d0c9) Importer(815301076,1909f56bfc062723c751e8b465ee728b)  -> (artifact id: 'c2e7eac7d144fc0dc657205e5c479ee0') in 0.009683 seconds
  Import took 0.014284 seconds .

========================================================================
Received Import Request.
  Time since last request: 16.559979 seconds.
  path: Assets/Characters/Player/Player.prefab
  artifactKey: Guid(6b24be91e356aa2499ea448d921d12f8) Importer(815301076,1909f56bfc062723c751e8b465ee728b)
Start importing Assets/Characters/Player/Player.prefab using Guid(6b24be91e356aa2499ea448d921d12f8) Importer(815301076,1909f56bfc062723c751e8b465ee728b)  -> (artifact id: 'e6e7db2f4a70645b1f4f4be6cb21fc1e') in 0.008919 seconds
  Import took 0.013377 seconds .

========================================================================
Received Import Request.
  Time since last request: 254.537776 seconds.
  path: Assets/Scripts/CharacterControllerTabletop.cs
  artifactKey: Guid(46018117a5110f647849efbce1b0800f) Importer(815301076,1909f56bfc062723c751e8b465ee728b)
Start importing Assets/Scripts/CharacterControllerTabletop.cs using Guid(46018117a5110f647849efbce1b0800f) Importer(815301076,1909f56bfc062723c751e8b465ee728b)  -> (artifact id: 'b2c8bf0bf7b720323e1571a7358a8b99') in 0.008194 seconds
  Import took 0.013477 seconds .

========================================================================
Received Import Request.
  Time since last request: 0.000912 seconds.
  path: Assets/Scripts/CharacterControllerTabletop.cs
  artifactKey: Guid(46018117a5110f647849efbce1b0800f) Importer(815301076,1909f56bfc062723c751e8b465ee728b)
Start importing Assets/Scripts/CharacterControllerTabletop.cs using Guid(46018117a5110f647849efbce1b0800f) Importer(815301076,1909f56bfc062723c751e8b465ee728b)  -> (artifact id: 'b2c8bf0bf7b720323e1571a7358a8b99') in 0.002321 seconds
  Import took 0.006261 seconds .

========================================================================
Received Import Request.
  Time since last request: 51.479587 seconds.
  path: Assets/Scripts/CharacterControllerTabletop.cs
  artifactKey: Guid(46018117a5110f647849efbce1b0800f) Importer(815301076,1909f56bfc062723c751e8b465ee728b)
Start importing Assets/Scripts/CharacterControllerTabletop.cs using Guid(46018117a5110f647849efbce1b0800f) Importer(815301076,1909f56bfc062723c751e8b465ee728b)  -> (artifact id: '5f0bc8cd1755e931777b10053e35392c') in 0.002891 seconds
  Import took 0.007434 seconds .

