Using pre-set license
Built from '2020.3/staging' branch; Version is '2020.3.4f1 (0abb6314276a) revision 703331'; Using compiler version '192528614'; Build Type 'Release'
OS: 'Windows 10 Home; OS build 19044.1466; Version 2009; 64bit' Language: 'en' Physical Memory: 32440 MB
BatchMode: 1, IsHumanControllingUs: 0, StartBugReporterOnCrash: 0, Is64bit: 1, IsPro: 0

 COMMAND LINE ARGUMENTS:
D:\Program Files\Unity\2020.3.4f1\Editor\Unity.exe
-adb2
-batchMode
-noUpm
-name
AssetImportWorker0
-projectPath
C:/UnityProjects/Tablepocalypse
-logFile
Logs/AssetImportWorker0.log
-srvPort
56927
Successfully changed project path to: C:/UnityProjects/Tablepocalypse
C:/UnityProjects/Tablepocalypse
Using Asset Import Pipeline V2.
Refreshing native plugins compatible for Editor in 48.16 ms, found 0 plugins.
Preloading 0 native plugins for Editor in 0.00 ms.
Initialize engine version: 2020.3.4f1 (0abb6314276a)
[Subsystems] Discovering subsystems at path D:/Program Files/Unity/2020.3.4f1/Editor/Data/Resources/UnitySubsystems
[Subsystems] Discovering subsystems at path C:/UnityProjects/Tablepocalypse/Assets
GfxDevice: creating device client; threaded=0
Direct3D:
    Version:  Direct3D 11.0 [level 11.1]
    Renderer: NVIDIA GeForce GTX 1070 Ti (ID=0x1b82)
    Vendor:   
    VRAM:     8079 MB
    Driver:   30.0.15.1123
Initialize mono
Mono path[0] = 'D:/Program Files/Unity/2020.3.4f1/Editor/Data/Managed'
Mono path[1] = 'D:/Program Files/Unity/2020.3.4f1/Editor/Data/MonoBleedingEdge/lib/mono/unityjit'
Mono config path = 'D:/Program Files/Unity/2020.3.4f1/Editor/Data/MonoBleedingEdge/etc'
Using monoOptions --debugger-agent=transport=dt_socket,embedding=1,server=y,suspend=n,address=127.0.0.1:56376
Begin MonoManager ReloadAssembly
Registering precompiled unity dll's ...
Register platform support module: D:/Program Files/Unity/2020.3.4f1/Editor/Data/PlaybackEngines/WebGLSupport/UnityEditor.WebGL.Extensions.dll
Register platform support module: D:/Program Files/Unity/2020.3.4f1/Editor/Data/PlaybackEngines/WindowsStandaloneSupport/UnityEditor.WindowsStandalone.Extensions.dll
Registered in 0.001581 seconds.
Native extension for WindowsStandalone target not found
Native extension for WebGL target not found
Refreshing native plugins compatible for Editor in 49.37 ms, found 0 plugins.
Preloading 0 native plugins for Editor in 0.00 ms.
Mono: successfully reloaded assembly
- Completed reload, in  1.909 seconds
Platform modules already initialized, skipping
Registering precompiled user dll's ...
Registered in 0.001168 seconds.
Begin MonoManager ReloadAssembly
Native extension for WindowsStandalone target not found
Native extension for WebGL target not found
Refreshing native plugins compatible for Editor in 67.22 ms, found 0 plugins.
Preloading 0 native plugins for Editor in 0.00 ms.
Mono: successfully reloaded assembly
- Completed reload, in  1.020 seconds
Platform modules already initialized, skipping
========================================================================
Worker process is ready to serve import requests
Shader 'Universal Render Pipeline/Particles/Lit': fallback shader 'Universal Render Pipeline/Particles/SimpleLit' not found
Shader 'Universal Render Pipeline/Particles/Lit': fallback shader 'Universal Render Pipeline/Particles/SimpleLit' not found
Launched and connected shader compiler UnityShaderCompiler.exe after 0.61 seconds
Refreshing native plugins compatible for Editor in 0.32 ms, found 0 plugins.
Preloading 0 native plugins for Editor in 0.00 ms.
Unloading 2420 Unused Serialized files (Serialized files now loaded: 0)
System memory in use before: 112.2 MB.
System memory in use after: 109.4 MB.

Unloading 46 unused Assets to reduce memory usage. Loaded Objects now: 2825.
Total: 2.981900 ms (FindLiveObjects: 0.208300 ms CreateObjectMapping: 0.084900 ms MarkObjects: 1.569300 ms  DeleteObjects: 1.118200 ms)

========================================================================
Received Import Request.
  path: Assets/Readme.asset
  artifactKey: Guid(83c2ed844a8c74b779a4c823d16594b1) Importer(815301076,1909f56bfc062723c751e8b465ee728b)
Start importing Assets/Readme.asset using Guid(83c2ed844a8c74b779a4c823d16594b1) Importer(815301076,1909f56bfc062723c751e8b465ee728b)  -> (artifact id: '6bae6031c3a27c632e83ff632957e097') in 0.035425 seconds
  Import took 0.039500 seconds .

========================================================================
Received Prepare
Registering precompiled user dll's ...
Registered in 0.004759 seconds.
Begin MonoManager ReloadAssembly
Native extension for WindowsStandalone target not found
Native extension for WebGL target not found
Refreshing native plugins compatible for Editor in 0.70 ms, found 0 plugins.
Preloading 0 native plugins for Editor in 0.00 ms.
Mono: successfully reloaded assembly
- Completed reload, in  1.022 seconds
Platform modules already initialized, skipping
Shader 'Universal Render Pipeline/Particles/Lit': fallback shader 'Universal Render Pipeline/Particles/SimpleLit' not found
Shader 'Universal Render Pipeline/Particles/Lit': fallback shader 'Universal Render Pipeline/Particles/SimpleLit' not found
Refreshing native plugins compatible for Editor in 0.73 ms, found 0 plugins.
Preloading 0 native plugins for Editor in 0.00 ms.
Unloading 2802 Unused Serialized files (Serialized files now loaded: 0)
System memory in use before: 129.0 MB.
System memory in use after: 126.3 MB.

Unloading 53 unused Assets to reduce memory usage. Loaded Objects now: 3271.
Total: 3.918800 ms (FindLiveObjects: 0.427400 ms CreateObjectMapping: 0.097900 ms MarkObjects: 2.299600 ms  DeleteObjects: 1.092300 ms)

========================================================================
Received Prepare
Registering precompiled user dll's ...
Registered in 0.004447 seconds.
Begin MonoManager ReloadAssembly
Native extension for WindowsStandalone target not found
Native extension for WebGL target not found
Refreshing native plugins compatible for Editor in 0.43 ms, found 0 plugins.
Preloading 0 native plugins for Editor in 0.00 ms.
Mono: successfully reloaded assembly
- Completed reload, in  0.861 seconds
Platform modules already initialized, skipping
Shader 'Universal Render Pipeline/Particles/Lit': fallback shader 'Universal Render Pipeline/Particles/SimpleLit' not found
Shader 'Universal Render Pipeline/Particles/Lit': fallback shader 'Universal Render Pipeline/Particles/SimpleLit' not found
Refreshing native plugins compatible for Editor in 0.44 ms, found 0 plugins.
Preloading 0 native plugins for Editor in 0.00 ms.
Unloading 2802 Unused Serialized files (Serialized files now loaded: 0)
System memory in use before: 129.1 MB.
System memory in use after: 126.3 MB.

Unloading 53 unused Assets to reduce memory usage. Loaded Objects now: 3274.
Total: 3.953700 ms (FindLiveObjects: 0.477700 ms CreateObjectMapping: 0.155800 ms MarkObjects: 2.030700 ms  DeleteObjects: 1.287800 ms)

========================================================================
Received Import Request.
  Time since last request: 161.853216 seconds.
  path: Assets/Settings/ForwardRenderer.asset
  artifactKey: Guid(4a8e21d5c33334b11b34a596161b9360) Importer(815301076,1909f56bfc062723c751e8b465ee728b)
Start importing Assets/Settings/ForwardRenderer.asset using Guid(4a8e21d5c33334b11b34a596161b9360) Importer(815301076,1909f56bfc062723c751e8b465ee728b)  -> (artifact id: '311610e5417c695b43cb76b9b401434a') in 0.014469 seconds
  Import took 0.019492 seconds .

========================================================================
Received Import Request.
  Time since last request: 0.000321 seconds.
  path: Assets/Settings/SampleSceneProfile.asset
  artifactKey: Guid(10fc4df2da32a41aaa32d77bc913491c) Importer(815301076,1909f56bfc062723c751e8b465ee728b)
Start importing Assets/Settings/SampleSceneProfile.asset using Guid(10fc4df2da32a41aaa32d77bc913491c) Importer(815301076,1909f56bfc062723c751e8b465ee728b)  -> (artifact id: '1d487f50151bfcf166ba63e13cc86c33') in 0.011485 seconds
  Import took 0.015692 seconds .

========================================================================
Received Import Request.
  Time since last request: 0.000798 seconds.
  path: Assets/Settings/UniversalRP-LowQuality.asset
  artifactKey: Guid(a31e9f9f9c9d4b9429ed0d1234e22103) Importer(815301076,1909f56bfc062723c751e8b465ee728b)
Start importing Assets/Settings/UniversalRP-LowQuality.asset using Guid(a31e9f9f9c9d4b9429ed0d1234e22103) Importer(815301076,1909f56bfc062723c751e8b465ee728b)  -> (artifact id: '6afb718b505630b8bea7f830607244ea') in 0.005377 seconds
  Import took 0.011374 seconds .

========================================================================
Received Import Request.
  Time since last request: 0.000530 seconds.
  path: Assets/Settings/UniversalRP-MediumQuality.asset
  artifactKey: Guid(d847b876476d3d6468f5dfcd34266f96) Importer(815301076,1909f56bfc062723c751e8b465ee728b)
Start importing Assets/Settings/UniversalRP-MediumQuality.asset using Guid(d847b876476d3d6468f5dfcd34266f96) Importer(815301076,1909f56bfc062723c751e8b465ee728b)  -> (artifact id: '1b82dd08ae66e1e997fe2c00c7be742c') in 0.007457 seconds
  Import took 0.013222 seconds .

========================================================================
Received Import Request.
  Time since last request: 0.000765 seconds.
  path: Assets/Settings/UniversalRP-HighQuality.asset
  artifactKey: Guid(19ba41d7c0026c3459d37c2fe90c55a0) Importer(815301076,1909f56bfc062723c751e8b465ee728b)
Start importing Assets/Settings/UniversalRP-HighQuality.asset using Guid(19ba41d7c0026c3459d37c2fe90c55a0) Importer(815301076,1909f56bfc062723c751e8b465ee728b)  -> (artifact id: '4a7d3a2008505e59d1d2427db32699cf') in 0.005845 seconds
  Import took 0.011201 seconds .

========================================================================
Received Import Request.
  Time since last request: 24.360028 seconds.
  path: Assets/Scenes/SampleSceneLightingSettings.lighting
  artifactKey: Guid(477cc4148fad3449482a3bc3178594e2) Importer(815301076,1909f56bfc062723c751e8b465ee728b)
Start importing Assets/Scenes/SampleSceneLightingSettings.lighting using Guid(477cc4148fad3449482a3bc3178594e2) Importer(815301076,1909f56bfc062723c751e8b465ee728b)  -> (artifact id: 'a6b6f9970930cf1bd93f43fd6e3d3b3f') in 0.004758 seconds
  Import took 0.009180 seconds .

========================================================================
Received Import Request.
  Time since last request: 0.008871 seconds.
  path: Assets/Scenes/SampleSceneLightingSettings.lighting
  artifactKey: Guid(477cc4148fad3449482a3bc3178594e2) Importer(815301076,1909f56bfc062723c751e8b465ee728b)
Start importing Assets/Scenes/SampleSceneLightingSettings.lighting using Guid(477cc4148fad3449482a3bc3178594e2) Importer(815301076,1909f56bfc062723c751e8b465ee728b)  -> (artifact id: 'a6b6f9970930cf1bd93f43fd6e3d3b3f') in 0.003145 seconds
  Import took 0.008223 seconds .

========================================================================
Received Import Request.
  Time since last request: 4.485876 seconds.
  path: Assets/Scenes
  artifactKey: Guid(6a0de7ccb3ccfe4438397e713a601949) Importer(815301076,1909f56bfc062723c751e8b465ee728b)
Start importing Assets/Scenes using Guid(6a0de7ccb3ccfe4438397e713a601949) Importer(815301076,1909f56bfc062723c751e8b465ee728b)  -> (artifact id: '415d85465f719581b98846cac8df72ae') in 0.003595 seconds
  Import took 0.009177 seconds .

========================================================================
Received Import Request.
  Time since last request: 14.888871 seconds.
  path: Assets/Scenes/Level1.unity
  artifactKey: Guid(14b059fb86328c94fbd97a8d0c8c53b8) Importer(815301076,1909f56bfc062723c751e8b465ee728b)
Start importing Assets/Scenes/Level1.unity using Guid(14b059fb86328c94fbd97a8d0c8c53b8) Importer(815301076,1909f56bfc062723c751e8b465ee728b)  -> (artifact id: 'a1ddb28cc47a954a9c9dae4cf1439144') in 0.003462 seconds
  Import took 0.008278 seconds .

========================================================================
Received Import Request.
  Time since last request: 50.928342 seconds.
  path: Assets/Scenes/Lobby.unity
  artifactKey: Guid(111f0fff885ad8a4e9e81ad36711f887) Importer(815301076,1909f56bfc062723c751e8b465ee728b)
Start importing Assets/Scenes/Lobby.unity using Guid(111f0fff885ad8a4e9e81ad36711f887) Importer(815301076,1909f56bfc062723c751e8b465ee728b)  -> (artifact id: '5cd1d8623e5ab855f5c852f23475af31') in 0.002891 seconds
  Import took 0.006571 seconds .

========================================================================
Received Prepare
Registering precompiled user dll's ...
Registered in 0.003959 seconds.
Begin MonoManager ReloadAssembly
Native extension for WindowsStandalone target not found
Native extension for WebGL target not found
Refreshing native plugins compatible for Editor in 0.50 ms, found 0 plugins.
Preloading 0 native plugins for Editor in 0.00 ms.
Mono: successfully reloaded assembly
- Completed reload, in  0.864 seconds
Platform modules already initialized, skipping
Shader 'Universal Render Pipeline/Particles/Lit': fallback shader 'Universal Render Pipeline/Particles/SimpleLit' not found
Shader 'Universal Render Pipeline/Particles/Lit': fallback shader 'Universal Render Pipeline/Particles/SimpleLit' not found
Refreshing native plugins compatible for Editor in 0.45 ms, found 0 plugins.
Preloading 0 native plugins for Editor in 0.00 ms.
Unloading 2851 Unused Serialized files (Serialized files now loaded: 0)
System memory in use before: 132.1 MB.
System memory in use after: 128.7 MB.

Unloading 66 unused Assets to reduce memory usage. Loaded Objects now: 3313.
Total: 4.876300 ms (FindLiveObjects: 0.267800 ms CreateObjectMapping: 0.110300 ms MarkObjects: 2.946200 ms  DeleteObjects: 1.550300 ms)

========================================================================
Received Prepare
Registering precompiled user dll's ...
Registered in 0.003983 seconds.
Begin MonoManager ReloadAssembly
Native extension for WindowsStandalone target not found
Native extension for WebGL target not found
Refreshing native plugins compatible for Editor in 0.61 ms, found 0 plugins.
Preloading 0 native plugins for Editor in 0.00 ms.
Mono: successfully reloaded assembly
- Completed reload, in  0.858 seconds
Platform modules already initialized, skipping
Shader 'Universal Render Pipeline/Particles/Lit': fallback shader 'Universal Render Pipeline/Particles/SimpleLit' not found
Shader 'Universal Render Pipeline/Particles/Lit': fallback shader 'Universal Render Pipeline/Particles/SimpleLit' not found
Refreshing native plugins compatible for Editor in 0.48 ms, found 0 plugins.
Preloading 0 native plugins for Editor in 0.00 ms.
Unloading 2849 Unused Serialized files (Serialized files now loaded: 0)
System memory in use before: 132.1 MB.
System memory in use after: 128.7 MB.

Unloading 66 unused Assets to reduce memory usage. Loaded Objects now: 3316.
Total: 5.145400 ms (FindLiveObjects: 0.388800 ms CreateObjectMapping: 0.103900 ms MarkObjects: 2.849700 ms  DeleteObjects: 1.801600 ms)

========================================================================
Received Prepare
Registering precompiled user dll's ...
Registered in 0.003879 seconds.
Begin MonoManager ReloadAssembly
Native extension for WindowsStandalone target not found
Native extension for WebGL target not found
Refreshing native plugins compatible for Editor in 0.75 ms, found 0 plugins.
Preloading 0 native plugins for Editor in 0.00 ms.
Mono: successfully reloaded assembly
- Completed reload, in  0.846 seconds
Platform modules already initialized, skipping
Shader 'Universal Render Pipeline/Particles/Lit': fallback shader 'Universal Render Pipeline/Particles/SimpleLit' not found
Shader 'Universal Render Pipeline/Particles/Lit': fallback shader 'Universal Render Pipeline/Particles/SimpleLit' not found
Refreshing native plugins compatible for Editor in 0.50 ms, found 0 plugins.
Preloading 0 native plugins for Editor in 0.00 ms.
Unloading 2849 Unused Serialized files (Serialized files now loaded: 0)
System memory in use before: 132.0 MB.
System memory in use after: 128.6 MB.

Unloading 66 unused Assets to reduce memory usage. Loaded Objects now: 3319.
Total: 3.479200 ms (FindLiveObjects: 0.418300 ms CreateObjectMapping: 0.101300 ms MarkObjects: 1.516000 ms  DeleteObjects: 1.442300 ms)

========================================================================
Received Prepare
Registering precompiled user dll's ...
Registered in 0.004214 seconds.
Begin MonoManager ReloadAssembly
Native extension for WindowsStandalone target not found
Native extension for WebGL target not found
Refreshing native plugins compatible for Editor in 0.45 ms, found 0 plugins.
Preloading 0 native plugins for Editor in 0.00 ms.
Mono: successfully reloaded assembly
- Completed reload, in  0.828 seconds
Platform modules already initialized, skipping
Shader 'Universal Render Pipeline/Particles/Lit': fallback shader 'Universal Render Pipeline/Particles/SimpleLit' not found
Shader 'Universal Render Pipeline/Particles/Lit': fallback shader 'Universal Render Pipeline/Particles/SimpleLit' not found
Refreshing native plugins compatible for Editor in 0.52 ms, found 0 plugins.
Preloading 0 native plugins for Editor in 0.00 ms.
Unloading 2849 Unused Serialized files (Serialized files now loaded: 0)
System memory in use before: 132.1 MB.
System memory in use after: 128.7 MB.

Unloading 66 unused Assets to reduce memory usage. Loaded Objects now: 3322.
Total: 3.365800 ms (FindLiveObjects: 0.238500 ms CreateObjectMapping: 0.082800 ms MarkObjects: 1.629600 ms  DeleteObjects: 1.414200 ms)

========================================================================
Received Import Request.
  Time since last request: 581.278897 seconds.
  path: Assets/Scripts
  artifactKey: Guid(02a3527b6b33a924e8ec66aa805ea717) Importer(815301076,1909f56bfc062723c751e8b465ee728b)
Start importing Assets/Scripts using Guid(02a3527b6b33a924e8ec66aa805ea717) Importer(815301076,1909f56bfc062723c751e8b465ee728b)  -> (artifact id: 'e770a7108101aab76c292659c82131fc') in 0.007368 seconds
  Import took 0.011637 seconds .

========================================================================
Received Import Request.
  Time since last request: 14.674432 seconds.
  path: Assets/Scripts/GameManager.cs
  artifactKey: Guid(74fdb2dfe3f739e4784a7a9374f4039d) Importer(815301076,1909f56bfc062723c751e8b465ee728b)
Start importing Assets/Scripts/GameManager.cs using Guid(74fdb2dfe3f739e4784a7a9374f4039d) Importer(815301076,1909f56bfc062723c751e8b465ee728b)  -> (artifact id: '665f96faad41b985b4a5167d01380ced') in 0.013249 seconds
  Import took 0.017495 seconds .

========================================================================
Received Prepare
Registering precompiled user dll's ...
Registered in 0.003953 seconds.
Begin MonoManager ReloadAssembly
Native extension for WindowsStandalone target not found
Native extension for WebGL target not found
Refreshing native plugins compatible for Editor in 0.43 ms, found 0 plugins.
Preloading 0 native plugins for Editor in 0.00 ms.
Mono: successfully reloaded assembly
- Completed reload, in  0.859 seconds
Platform modules already initialized, skipping
Shader 'Universal Render Pipeline/Particles/Lit': fallback shader 'Universal Render Pipeline/Particles/SimpleLit' not found
Shader 'Universal Render Pipeline/Particles/Lit': fallback shader 'Universal Render Pipeline/Particles/SimpleLit' not found
Refreshing native plugins compatible for Editor in 0.48 ms, found 0 plugins.
Preloading 0 native plugins for Editor in 0.00 ms.
Unloading 2850 Unused Serialized files (Serialized files now loaded: 0)
System memory in use before: 132.1 MB.
System memory in use after: 128.7 MB.

Unloading 66 unused Assets to reduce memory usage. Loaded Objects now: 3326.
Total: 3.954200 ms (FindLiveObjects: 0.309200 ms CreateObjectMapping: 0.107600 ms MarkObjects: 1.941500 ms  DeleteObjects: 1.593700 ms)

========================================================================
Received Prepare
Registering precompiled user dll's ...
Registered in 0.004064 seconds.
Begin MonoManager ReloadAssembly
Native extension for WindowsStandalone target not found
Native extension for WebGL target not found
Refreshing native plugins compatible for Editor in 0.46 ms, found 0 plugins.
Preloading 0 native plugins for Editor in 0.00 ms.
Mono: successfully reloaded assembly
- Completed reload, in  0.822 seconds
Platform modules already initialized, skipping
Shader 'Universal Render Pipeline/Particles/Lit': fallback shader 'Universal Render Pipeline/Particles/SimpleLit' not found
Shader 'Universal Render Pipeline/Particles/Lit': fallback shader 'Universal Render Pipeline/Particles/SimpleLit' not found
Refreshing native plugins compatible for Editor in 0.44 ms, found 0 plugins.
Preloading 0 native plugins for Editor in 0.00 ms.
Unloading 2849 Unused Serialized files (Serialized files now loaded: 0)
System memory in use before: 132.1 MB.
System memory in use after: 128.7 MB.

Unloading 67 unused Assets to reduce memory usage. Loaded Objects now: 3328.
Total: 5.829900 ms (FindLiveObjects: 0.273100 ms CreateObjectMapping: 0.106500 ms MarkObjects: 2.931200 ms  DeleteObjects: 2.517600 ms)

========================================================================
Received Import Request.
  Time since last request: 26.712724 seconds.
  path: Assets/Scripts/SimpleCameraController.cs
  artifactKey: Guid(be76e5f14cfee674cb30b491fb72b09b) Importer(815301076,1909f56bfc062723c751e8b465ee728b)
Start importing Assets/Scripts/SimpleCameraController.cs using Guid(be76e5f14cfee674cb30b491fb72b09b) Importer(815301076,1909f56bfc062723c751e8b465ee728b)  -> (artifact id: '7ba0fb5e362be47a7858d609702ca8b9') in 0.007218 seconds
  Import took 0.011125 seconds .

========================================================================
Received Import Request.
  Time since last request: 0.023445 seconds.
  path: Assets/Scripts/SimpleCameraController.cs
  artifactKey: Guid(be76e5f14cfee674cb30b491fb72b09b) Importer(815301076,1909f56bfc062723c751e8b465ee728b)
Start importing Assets/Scripts/SimpleCameraController.cs using Guid(be76e5f14cfee674cb30b491fb72b09b) Importer(815301076,1909f56bfc062723c751e8b465ee728b)  -> (artifact id: '7ba0fb5e362be47a7858d609702ca8b9') in 0.002984 seconds
  Import took 0.007820 seconds .

========================================================================
Received Import Request.
  Time since last request: 12.137716 seconds.
  path: Assets/Scripts/GameController.cs
  artifactKey: Guid(c85e4f2fd1707e64ca43c156c4f84fb1) Importer(815301076,1909f56bfc062723c751e8b465ee728b)
Start importing Assets/Scripts/GameController.cs using Guid(c85e4f2fd1707e64ca43c156c4f84fb1) Importer(815301076,1909f56bfc062723c751e8b465ee728b)  -> (artifact id: '879d065815a22ea9131a269f7105267b') in 0.002618 seconds
  Import took 0.007414 seconds .

========================================================================
Received Import Request.
  Time since last request: 0.002869 seconds.
  path: Assets/Scripts/GameController.cs
  artifactKey: Guid(c85e4f2fd1707e64ca43c156c4f84fb1) Importer(815301076,1909f56bfc062723c751e8b465ee728b)
Start importing Assets/Scripts/GameController.cs using Guid(c85e4f2fd1707e64ca43c156c4f84fb1) Importer(815301076,1909f56bfc062723c751e8b465ee728b)  -> (artifact id: '879d065815a22ea9131a269f7105267b') in 0.002973 seconds
  Import took 0.007216 seconds .

========================================================================
Received Prepare
Registering precompiled user dll's ...
Registered in 0.004326 seconds.
Begin MonoManager ReloadAssembly
Native extension for WindowsStandalone target not found
Native extension for WebGL target not found
Refreshing native plugins compatible for Editor in 0.44 ms, found 0 plugins.
Preloading 0 native plugins for Editor in 0.00 ms.
Mono: successfully reloaded assembly
- Completed reload, in  0.849 seconds
Platform modules already initialized, skipping
Shader 'Universal Render Pipeline/Particles/Lit': fallback shader 'Universal Render Pipeline/Particles/SimpleLit' not found
Shader 'Universal Render Pipeline/Particles/Lit': fallback shader 'Universal Render Pipeline/Particles/SimpleLit' not found
Refreshing native plugins compatible for Editor in 0.46 ms, found 0 plugins.
Preloading 0 native plugins for Editor in 0.00 ms.
Unloading 2850 Unused Serialized files (Serialized files now loaded: 0)
System memory in use before: 132.2 MB.
System memory in use after: 128.7 MB.

Unloading 66 unused Assets to reduce memory usage. Loaded Objects now: 3332.
Total: 4.099700 ms (FindLiveObjects: 0.536000 ms CreateObjectMapping: 0.236000 ms MarkObjects: 1.688900 ms  DeleteObjects: 1.637900 ms)

========================================================================
Received Import Request.
  Time since last request: 1887.731203 seconds.
  path: Assets/Scripts/GameController.cs
  artifactKey: Guid(c85e4f2fd1707e64ca43c156c4f84fb1) Importer(815301076,1909f56bfc062723c751e8b465ee728b)
Start importing Assets/Scripts/GameController.cs using Guid(c85e4f2fd1707e64ca43c156c4f84fb1) Importer(815301076,1909f56bfc062723c751e8b465ee728b)  -> (artifact id: 'ee2c694ac96d5e739f8f3b2bb5f441a2') in 0.026142 seconds
  Import took 0.051573 seconds .

========================================================================
Received Import Request.
  Time since last request: 112.022777 seconds.
  path: Assets/Scripts/GameController.cs
  artifactKey: Guid(c85e4f2fd1707e64ca43c156c4f84fb1) Importer(815301076,1909f56bfc062723c751e8b465ee728b)
Start importing Assets/Scripts/GameController.cs using Guid(c85e4f2fd1707e64ca43c156c4f84fb1) Importer(815301076,1909f56bfc062723c751e8b465ee728b)  -> (artifact id: 'eecaa37b7b58242ea2bcb0b6cdec1565') in 0.003785 seconds
  Import took 0.009713 seconds .

========================================================================
Received Prepare
Registering precompiled user dll's ...
Registered in 0.005110 seconds.
Begin MonoManager ReloadAssembly
Native extension for WindowsStandalone target not found
Native extension for WebGL target not found
Refreshing native plugins compatible for Editor in 0.52 ms, found 0 plugins.
Preloading 0 native plugins for Editor in 0.00 ms.
Mono: successfully reloaded assembly
- Completed reload, in  0.945 seconds
Platform modules already initialized, skipping
Shader 'Universal Render Pipeline/Particles/Lit': fallback shader 'Universal Render Pipeline/Particles/SimpleLit' not found
Shader 'Universal Render Pipeline/Particles/Lit': fallback shader 'Universal Render Pipeline/Particles/SimpleLit' not found
Refreshing native plugins compatible for Editor in 0.49 ms, found 0 plugins.
Preloading 0 native plugins for Editor in 0.00 ms.
Unloading 2850 Unused Serialized files (Serialized files now loaded: 0)
System memory in use before: 132.1 MB.
System memory in use after: 128.6 MB.

Unloading 66 unused Assets to reduce memory usage. Loaded Objects now: 3335.
Total: 4.037700 ms (FindLiveObjects: 0.268700 ms CreateObjectMapping: 0.112000 ms MarkObjects: 1.815700 ms  DeleteObjects: 1.840100 ms)

AssetImportWorkerClient::OnTransportError - code=2 error=End of file
